__________________________________________________________________________

Sun Mar 24 09:29:51 CAT 2019

Free Memory: 3180 kB
Total Memory: 15872 kB

java.class.path:
    C:\Users\marcu\AppData\Local\Temp\I1553412535\InstallerData\IAClasses.zip
    C:\Users\marcu\AppData\Local\Temp\I1553412535\Windows\resource\jdglue.zip
    C:\Users\marcu\AppData\Local\Temp\I1553412535\InstallerData\Execute.zip
    C:\Users\marcu\AppData\Local\Temp\I1553412535\Windows\InstallerData\Execute.zip
    C:\Users\marcu\AppData\Local\Temp\I1553412535\InstallerData\Resource1.zip
    C:\Users\marcu\AppData\Local\Temp\I1553412535\Windows\InstallerData\Resource1.zip
    C:\Users\marcu\AppData\Local\Temp\I1553412535\InstallerData
    C:\Users\marcu\AppData\Local\Temp\I1553412535\Windows\InstallerData

ZGUtil.CLASS_PATH:
    C:\Users\marcu\AppData\Local\Temp\I1553412535\InstallerData\IAClasses.zip
    C:\Users\marcu\AppData\Local\Temp\I1553412535\Windows\resource\jdglue.zip
    C:\Users\marcu\AppData\Local\Temp\I1553412535\InstallerData\Execute.zip
    C:\Users\marcu\AppData\Local\Temp\I1553412535\InstallerData

sun.boot.class.path:
    C:\Users\marcu\AppData\Local\Temp\I1553412535\Windows\resource\jre\lib\resources.jar
    C:\Users\marcu\AppData\Local\Temp\I1553412535\Windows\resource\jre\lib\rt.jar
    C:\Users\marcu\AppData\Local\Temp\I1553412535\Windows\resource\jre\lib\sunrsasign.jar
    C:\Users\marcu\AppData\Local\Temp\I1553412535\Windows\resource\jre\lib\jsse.jar
    C:\Users\marcu\AppData\Local\Temp\I1553412535\Windows\resource\jre\lib\jce.jar
    C:\Users\marcu\AppData\Local\Temp\I1553412535\Windows\resource\jre\lib\charsets.jar
    C:\Users\marcu\AppData\Local\Temp\I1553412535\Windows\resource\jre\lib\jfr.jar
    C:\Users\marcu\AppData\Local\Temp\I1553412535\Windows\resource\jre\classes

java.ext.dirs:
    C:\Users\marcu\AppData\Local\Temp\I1553412535\Windows\resource\jre\lib\ext
    C:\Windows\Sun\Java\lib\ext

java.version                  == 1.7.0_65 (Java 1)
java.vm.name                  == Java HotSpot(TM) Client VM
java.vm.vendor                == Oracle Corporation
java.vm.version               == 24.65-b04
java.vm.specification.name    == Java Virtual Machine Specification
java.vm.specification.vendor  == Oracle Corporation
java.vm.specification.version == 1.7
java.specification.name       == Java Platform API Specification
java.specification.vendor     == Oracle Corporation
java.specification.version    == 1.7
java.vendor                   == Oracle Corporation
java.vendor.url               == http://java.oracle.com/
java.class.version            == 51.0
java.compiler                 == null
java.home                     == C:\Users\marcu\AppData\Local\Temp\I1553412535\Windows\resource\jre
java.io.tmpdir                == C:\Users\marcu\AppData\Local\Temp\
os.name                       == Windows 8.1
os.arch                       == x86
os.version                    == 6.3
path.separator                == ;
file.separator                == \
file.encoding                 == Cp1252
user.name                     == marcu
user.home                     == C:\Users\marcu\OneDrive
user.dir                      == C:\Users\marcu\AppData\Local\Temp\I1553412535\Windows
user.language                 == en
user.region                   == null
__________________________________________________________________________


Nothing was installed.

Installed by InstallAnywhere 8.0.1 Enterprise Build 3080, by Macrovision

INSTALLATION WAS CANCELLED BY USER DURING PRE-INSTALLATION

User Interactions
-----------------


Summary
-------

Installation: Successful
